Importer Log Report
Project : CM3_IO_V1.33_20230223.PrjPcb

Section : Document - D:\huangxi\[RC119]CM3_IO\V1.33\对外资料\CM3_IO_V1.33_20230223.DSN

    Section : Importing Sheet - 04.SchDoc
        Warning : Off-Page Connector of type OFFPAGELEFT-B at (93.73mm,140.97mm) is not recognised
        Warning : Off-Page Connector of type OFFPAGELEFT-B at (93.47mm,146.3mm) is not recognised
        Warning : Junction at (106.68mm,133.35mm) has been removed. It will be automatically calculated.
        Warning : Junction at (121.92mm,140.97mm) has been removed. It will be automatically calculated.
        Warning : Junction at (137.16mm,143.51mm) has been removed. It will be automatically calculated.
        Warning : Junction at (152.15mm,146.05mm) has been removed. It will be automatically calculated.
        Warning : Junction at (143.51mm,66.04mm) has been removed. It will be automatically calculated.
        Warning : Junction at (143.51mm,30.48mm) has been removed. It will be automatically calculated.
        Warning : Junction at (143.51mm,58.42mm) has been removed. It will be automatically calculated.
        Warning : Junction at (128.27mm,76.2mm) has been removed. It will be automatically calculated.
        Warning : Junction at (153.67mm,45.72mm) has been removed. It will be automatically calculated.
        Warning : Junction at (110.49mm,45.72mm) has been removed. It will be automatically calculated.
        Warning : Junction at (110.49mm,53.34mm) has been removed. It will be automatically calculated.
        Warning : Junction at (128.27mm,30.48mm) has been removed. It will be automatically calculated.
    EndSection

    Section : Importing Sheet - 05.SchDoc
        Warning : Junction at (91.69mm,76.96mm) has been removed. It will be automatically calculated.
        Warning : Junction at (85.6mm,27.69mm) has been removed. It will be automatically calculated.
        Warning : Junction at (139.95mm,27.69mm) has been removed. It will be automatically calculated.
        Warning : Junction at (44.96mm,27.69mm) has been removed. It will be automatically calculated.
        Warning : Junction at (106.17mm,40.64mm) has been removed. It will be automatically calculated.
        Warning : Junction at (106.17mm,27.69mm) has been removed. It will be automatically calculated.
        Warning : Junction at (41.91mm,76.96mm) has been removed. It will be automatically calculated.
        Warning : Junction at (82.55mm,76.96mm) has been removed. It will be automatically calculated.
        Warning : Junction at (136.91mm,76.96mm) has been removed. It will be automatically calculated.
        Warning : Junction at (203.2mm,151.13mm) has been removed. It will be automatically calculated.
    EndSection

    Section : Importing Sheet - 06.SchDoc
        Warning : Off-Page Connector of type OFFPAGELEFT-B at (120.4mm,157.48mm) is not recognised
        Warning : Off-Page Connector of type OFFPAGELEFT-B at (120.4mm,147.32mm) is not recognised
        Warning : Off-Page Connector of type OFFPAGELEFT-B at (120.4mm,144.78mm) is not recognised
        Warning : Off-Page Connector of type OFFPAGELEFT-B at (120.4mm,162.56mm) is not recognised
        Warning : Off-Page Connector of type OFFPAGELEFT-B at (120.4mm,160.02mm) is not recognised
        Warning : Junction at (99.57mm,65.53mm) has been added.
        Warning : Junction at (140.21mm,65.53mm) has been added.
        Warning : Junction at (112.27mm,65.53mm) has been added.
        Warning : Junction at (206.25mm,132.08mm) has been removed. It will be automatically calculated.
        Warning : Junction at (168.15mm,147.32mm) has been removed. It will be automatically calculated.
        Warning : Junction at (188.47mm,162.56mm) has been removed. It will be automatically calculated.
        Warning : Junction at (206.25mm,137.16mm) has been removed. It will be automatically calculated.
        Warning : Junction at (206.25mm,139.7mm) has been removed. It will be automatically calculated.
        Warning : Junction at (206.25mm,134.62mm) has been removed. It will be automatically calculated.
        Warning : Junction at (178.31mm,157.48mm) has been removed. It will be automatically calculated.
        Warning : Junction at (163.07mm,144.78mm) has been removed. It will be automatically calculated.
        Warning : Junction at (183.39mm,160.02mm) has been removed. It will be automatically calculated.
        Warning : Junction at (173.23mm,152.4mm) has been removed. It will be automatically calculated.
        Warning : Junction at (157.99mm,142.24mm) has been removed. It will be automatically calculated.
        Warning : Junction at (72.14mm,154.94mm) has been removed. It will be automatically calculated.
        Warning : Junction at (87.38mm,154.94mm) has been removed. It will be automatically calculated.
        Warning : Junction at (152.91mm,52.83mm) has been removed. It will be automatically calculated.
        Warning : Junction at (124.97mm,47.75mm) has been removed. It will be automatically calculated.
        Warning : Junction at (152.91mm,65.53mm) has been removed. It will be automatically calculated.
        Warning : Junction at (112.27mm,47.75mm) has been removed. It will be automatically calculated.
    EndSection

    Section : Importing Sheet - 07.SchDoc
        Warning : Junction at (2.13in,5.49in) has been removed. It will be automatically calculated.
        Warning : Junction at (5.5in,6.09in) has been removed. It will be automatically calculated.
        Warning : Junction at (2in,6.19in) has been removed. It will be automatically calculated.
        Warning : Junction at (2.9in,6.09in) has been removed. It will be automatically calculated.
        Warning : Junction at (5.5in,5.39in) has been removed. It will be automatically calculated.
        Warning : Junction at (2.9in,4.19in) has been removed. It will be automatically calculated.
        Warning : Junction at (2.9in,4.39in) has been removed. It will be automatically calculated.
        Warning : Junction at (2.9in,5.59in) has been removed. It will be automatically calculated.
        Warning : Junction at (5.5in,4.49in) has been removed. It will be automatically calculated.
        Warning : Junction at (5.5in,4.19in) has been removed. It will be automatically calculated.
        Warning : Junction at (3.54in,8.44in) has been removed. It will be automatically calculated.
        Warning : Junction at (1.04in,8.84in) has been removed. It will be automatically calculated.
        Warning : Junction at (2.04in,8.84in) has been removed. It will be automatically calculated.
        Warning : Junction at (1.54in,8.84in) has been removed. It will be automatically calculated.
        Warning : Junction at (3.04in,8.44in) has been removed. It will be automatically calculated.
        Warning : Junction at (6.13in,8.04in) has been removed. It will be automatically calculated.
        Warning : Junction at (6.38in,8.04in) has been removed. It will be automatically calculated.
        Warning : Junction at (5.37in,8.84in) has been removed. It will be automatically calculated.
        Warning : Junction at (7.46in,7.81in) has been removed. It will be automatically calculated.
        Warning : Junction at (7.46in,7.18in) has been removed. It will be automatically calculated.
        Warning : Junction at (7.98in,7.18in) has been removed. It will be automatically calculated.
        Warning : Junction at (2.13in,5.39in) has been removed. It will be automatically calculated.
        Warning : Junction at (6.53in,5.69in) has been removed. It will be automatically calculated.
        Warning : Junction at (6.53in,5.79in) has been removed. It will be automatically calculated.
        Warning : Junction at (2.9in,6.19in) has been removed. It will be automatically calculated.
        Warning : Junction at (2.5in,6.19in) has been removed. It will be automatically calculated.
        Warning : Junction at (6.38in,8.84in) has been removed. It will be automatically calculated.
        Warning : Junction at (6.18in,8.84in) has been removed. It will be automatically calculated.
        Warning : Junction at (7.91in,8.84in) has been removed. It will be automatically calculated.
        Warning : Junction at (7.41in,8.84in) has been removed. It will be automatically calculated.
        Warning : Junction at (6.94in,8.84in) has been removed. It will be automatically calculated.
        Warning : Junction at (6.94in,7.81in) has been removed. It will be automatically calculated.
        Warning : Junction at (11.82in,3.36in) has been removed. It will be automatically calculated.
        Warning : Junction at (12.41in,4.33in) has been removed. It will be automatically calculated.
        Warning : Junction at (9.75in,5.2in) has been removed. It will be automatically calculated.
        Warning : Junction at (9.25in,5.2in) has been removed. It will be automatically calculated.
        Warning : Junction at (12.47in,3.36in) has been removed. It will be automatically calculated.
        Warning : Junction at (2.45in,1.27in) has been removed. It will be automatically calculated.
        Warning : Junction at (2.66in,1.37in) has been removed. It will be automatically calculated.
        Warning : Junction at (3.65in,1.77in) has been removed. It will be automatically calculated.
        Warning : Junction at (3.86in,1.87in) has been removed. It will be automatically calculated.
        Warning : Junction at (13.18in,3.66in) has been removed. It will be automatically calculated.
    EndSection

    Section : Importing Sheet - 08.SchDoc
        Warning : Junction at (4.19in,4.87in) has been added.
        Warning : Junction at (6.03in,4.14in) has been removed. It will be automatically calculated.
        Warning : Junction at (5.14in,4.67in) has been removed. It will be automatically calculated.
        Warning : Junction at (4.4in,4.67in) has been removed. It will be automatically calculated.
        Warning : Junction at (2.86in,5.17in) has been removed. It will be automatically calculated.
        Warning : Junction at (7.53in,4.67in) has been removed. It will be automatically calculated.
        Warning : Junction at (7.13in,4.67in) has been removed. It will be automatically calculated.
        Warning : Junction at (5.14in,4.14in) has been removed. It will be automatically calculated.
        Warning : Junction at (2.72in,5.27in) has been removed. It will be automatically calculated.
        Warning : Junction at (2.95in,5.27in) has been removed. It will be automatically calculated.
        Warning : Junction at (3.27in,5.17in) has been removed. It will be automatically calculated.
        Warning : Junction at (3.59in,4.97in) has been removed. It will be automatically calculated.
        Warning : Junction at (3.89in,4.67in) has been removed. It will be automatically calculated.
        Warning : Junction at (4.19in,3.57in) has been removed. It will be automatically calculated.
        Warning : Junction at (3.09in,3.57in) has been removed. It will be automatically calculated.
        Warning : Junction at (3.09in,4.97in) has been removed. It will be automatically calculated.
    EndSection

    Section : Importing Sheet - 09.SchDoc
        Warning : Off-Page Connector of type OFFPAGELEFT-B at (168.91mm,159.26mm) is not recognised
        Warning : Off-Page Connector of type OFFPAGELEFT-B at (168.91mm,156.72mm) is not recognised
        Warning : Off-Page Connector of type OFFPAGELEFT-B at (36.07mm,37.08mm) is not recognised
        Warning : Junction at (81.53mm,184.91mm) has been added.
        Warning : Junction at (109.47mm,184.91mm) has been added.
        Warning : Junction at (26.16mm,174.5mm) has been removed. It will be automatically calculated.
        Warning : Junction at (38.86mm,174.5mm) has been removed. It will be automatically calculated.
        Warning : Junction at (188.21mm,159.26mm) has been removed. It will be automatically calculated.
        Warning : Junction at (188.21mm,156.72mm) has been removed. It will be automatically calculated.
        Warning : Junction at (247.14mm,105.92mm) has been removed. It will be automatically calculated.
        Warning : Junction at (247.14mm,100.84mm) has been removed. It will be automatically calculated.
        Warning : Junction at (247.14mm,103.38mm) has been removed. It will be automatically calculated.
        Warning : Junction at (243.59mm,80.52mm) has been removed. It will be automatically calculated.
        Warning : Junction at (243.59mm,118.62mm) has been removed. It will be automatically calculated.
        Warning : Junction at (243.59mm,121.16mm) has been removed. It will be automatically calculated.
        Warning : Junction at (243.59mm,123.7mm) has been removed. It will be automatically calculated.
        Warning : Junction at (243.59mm,126.24mm) has been removed. It will be automatically calculated.
        Warning : Junction at (243.59mm,131.32mm) has been removed. It will be automatically calculated.
        Warning : Junction at (243.59mm,133.86mm) has been removed. It will be automatically calculated.
        Warning : Junction at (243.59mm,136.4mm) has been removed. It will be automatically calculated.
        Warning : Junction at (243.59mm,138.94mm) has been removed. It will be automatically calculated.
        Warning : Junction at (243.59mm,154.18mm) has been removed. It will be automatically calculated.
        Warning : Junction at (243.59mm,161.8mm) has been removed. It will be automatically calculated.
        Warning : Junction at (243.59mm,169.42mm) has been removed. It will be automatically calculated.
        Warning : Junction at (243.59mm,177.04mm) has been removed. It will be automatically calculated.
        Warning : Junction at (243.59mm,184.66mm) has been removed. It will be automatically calculated.
        Warning : Junction at (212.34mm,113.54mm) has been removed. It will be automatically calculated.
        Warning : Junction at (45.97mm,110.49mm) has been removed. It will be automatically calculated.
        Warning : Junction at (116.08mm,110.49mm) has been removed. It will be automatically calculated.
        Warning : Junction at (100.84mm,110.49mm) has been removed. It will be automatically calculated.
        Warning : Junction at (263.91mm,80.52mm) has been removed. It will be automatically calculated.
        Warning : Junction at (122.17mm,172.21mm) has been removed. It will be automatically calculated.
        Warning : Junction at (94.23mm,167.13mm) has been removed. It will be automatically calculated.
        Warning : Junction at (68.83mm,184.91mm) has been removed. It will be automatically calculated.
        Warning : Junction at (81.53mm,167.13mm) has been removed. It will be automatically calculated.
        Warning : Junction at (122.17mm,184.91mm) has been removed. It will be automatically calculated.
        Warning : Junction at (102.11mm,32mm) has been removed. It will be automatically calculated.
        Warning : Junction at (102.11mm,29.46mm) has been removed. It will be automatically calculated.
        Warning : Junction at (88.39mm,47.24mm) has been removed. It will be automatically calculated.
        Warning : Junction at (58.17mm,34.54mm) has been removed. It will be automatically calculated.
        Warning : Junction at (167.39mm,58.42mm) has been removed. It will be automatically calculated.
        Warning : Junction at (167.39mm,63.5mm) has been removed. It will be automatically calculated.
        Warning : Junction at (205.49mm,63.5mm) has been removed. It will be automatically calculated.
        Warning : Junction at (182.63mm,42.67mm) has been removed. It will be automatically calculated.
        Warning : Junction at (63.75mm,37.08mm) has been removed. It will be automatically calculated.
        Warning : Junction at (83.31mm,39.62mm) has been removed. It will be automatically calculated.
        Warning : Junction at (102.11mm,56.64mm) has been removed. It will be automatically calculated.
        Warning : Junction at (247.9mm,151.64mm) has been removed. It will be automatically calculated.
        Warning : Junction at (247.9mm,146.56mm) has been removed. It will be automatically calculated.
        Warning : Junction at (247.9mm,149.1mm) has been removed. It will be automatically calculated.
    EndSection

    Section : Importing Sheet - 10.SchDoc
        Warning : Junction at (68.58mm,70.87mm) has been added.
        Warning : Junction at (119.38mm,58.17mm) has been removed. It will be automatically calculated.
        Warning : Junction at (129.54mm,70.87mm) has been removed. It will be automatically calculated.
        Warning : Junction at (243.84mm,113.03mm) has been removed. It will be automatically calculated.
        Warning : Junction at (76.2mm,70.87mm) has been removed. It will be automatically calculated.
        Warning : Junction at (88.9mm,53.09mm) has been removed. It will be automatically calculated.
        Warning : Junction at (76.2mm,53.09mm) has been removed. It will be automatically calculated.
        Warning : Junction at (119.38mm,70.87mm) has been removed. It will be automatically calculated.
        Warning : Junction at (104.14mm,70.87mm) has been removed. It will be automatically calculated.
        Warning : Junction at (104.14mm,162.56mm) has been removed. It will be automatically calculated.
        Warning : Junction at (104.14mm,175.26mm) has been removed. It will be automatically calculated.
        Warning : Junction at (104.14mm,147.32mm) has been removed. It will be automatically calculated.
        Warning : Junction at (58.42mm,175.26mm) has been removed. It will be automatically calculated.
        Warning : Junction at (86.36mm,124.46mm) has been removed. It will be automatically calculated.
        Warning : Junction at (124.46mm,175.26mm) has been removed. It will be automatically calculated.
        Warning : Junction at (129.54mm,175.26mm) has been removed. It will be automatically calculated.
        Warning : Junction at (78.74mm,175.26mm) has been removed. It will be automatically calculated.
        Warning : Junction at (68.58mm,175.26mm) has been removed. It will be automatically calculated.
        Warning : Junction at (129.54mm,147.32mm) has been removed. It will be automatically calculated.
        Warning : Junction at (124.46mm,147.32mm) has been removed. It will be automatically calculated.
        Warning : Junction at (124.46mm,121.92mm) has been removed. It will be automatically calculated.
        Warning : Junction at (73.66mm,147.32mm) has been removed. It will be automatically calculated.
        Warning : Junction at (240.54mm,186.69mm) has been removed. It will be automatically calculated.
        Warning : Junction at (240.54mm,189.23mm) has been removed. It will be automatically calculated.
        Warning : Junction at (240.54mm,176.53mm) has been removed. It will be automatically calculated.
        Warning : Junction at (240.54mm,179.07mm) has been removed. It will be automatically calculated.
        Warning : Junction at (240.54mm,173.99mm) has been removed. It will be automatically calculated.
        Warning : Junction at (240.54mm,151.13mm) has been removed. It will be automatically calculated.
        Warning : Junction at (240.54mm,158.75mm) has been removed. It will be automatically calculated.
        Warning : Junction at (240.54mm,135.89mm) has been removed. It will be automatically calculated.
        Warning : Junction at (240.54mm,143.51mm) has been removed. It will be automatically calculated.
        Warning : Junction at (240.54mm,120.65mm) has been removed. It will be automatically calculated.
        Warning : Junction at (240.54mm,128.27mm) has been removed. It will be automatically calculated.
        Warning : Junction at (205.74mm,123.19mm) has been removed. It will be automatically calculated.
        Warning : Junction at (271.78mm,73.41mm) has been removed. It will be automatically calculated.
        Warning : Junction at (167.13mm,73.41mm) has been removed. It will be automatically calculated.
        Warning : Junction at (179.83mm,73.41mm) has been removed. It will be automatically calculated.
        Warning : Junction at (265.94mm,61.98mm) has been removed. It will be automatically calculated.
        Warning : Junction at (240.54mm,166.37mm) has been removed. It will be automatically calculated.
        Warning : Junction at (265.94mm,73.41mm) has been removed. It will be automatically calculated.
        Warning : Junction at (253.49mm,73.41mm) has been removed. It will be automatically calculated.
    EndSection

    Section : Importing Sheet - 11.SchDoc
        Warning : Off-Page Connector of type OFFPAGELEFT-B at (70.36mm,239.52mm) is not recognised
        Warning : Off-Page Connector of type OFFPAGELEFT-B at (273.81mm,240.03mm) is not recognised
        Warning : Junction at (125.22mm,143.76mm) has been added.
        Warning : Junction at (338.58mm,78.49mm) has been added.
        Warning : Junction at (124.46mm,72.14mm) has been added.
        Warning : Junction at (319.53mm,152.65mm) has been removed. It will be automatically calculated.
        Warning : Junction at (329.69mm,152.65mm) has been removed. It will be automatically calculated.
        Warning : Junction at (281.43mm,130.81mm) has been removed. It will be automatically calculated.
        Warning : Junction at (316.99mm,130.81mm) has been removed. It will be automatically calculated.
        Warning : Junction at (58.42mm,143.76mm) has been removed. It will be automatically calculated.
        Warning : Junction at (67.31mm,143.76mm) has been removed. It will be automatically calculated.
        Warning : Junction at (136.91mm,143.76mm) has been removed. It will be automatically calculated.
        Warning : Junction at (136.91mm,124.46mm) has been removed. It will be automatically calculated.
        Warning : Junction at (125.22mm,124.46mm) has been removed. It will be automatically calculated.
        Warning : Junction at (280.67mm,78.49mm) has been removed. It will be automatically calculated.
        Warning : Junction at (350.27mm,78.49mm) has been removed. It will be automatically calculated.
        Warning : Junction at (350.27mm,60.71mm) has been removed. It will be automatically calculated.
        Warning : Junction at (338.58mm,60.71mm) has been removed. It will be automatically calculated.
        Warning : Junction at (271.78mm,78.49mm) has been removed. It will be automatically calculated.
        Warning : Junction at (66.55mm,72.14mm) has been removed. It will be automatically calculated.
        Warning : Junction at (136.14mm,72.14mm) has been removed. It will be automatically calculated.
        Warning : Junction at (136.14mm,54.1mm) has been removed. It will be automatically calculated.
        Warning : Junction at (124.46mm,54.1mm) has been removed. It will be automatically calculated.
        Warning : Junction at (57.66mm,72.14mm) has been removed. It will be automatically calculated.
        Warning : Junction at (61.47mm,271.27mm) has been removed. It will be automatically calculated.
        Warning : Junction at (52.07mm,271.27mm) has been removed. It will be automatically calculated.
        Warning : Junction at (61.47mm,258.57mm) has been removed. It will be automatically calculated.
        Warning : Junction at (44.96mm,249.68mm) has been removed. It will be automatically calculated.
        Warning : Junction at (78.99mm,209.04mm) has been removed. It will be automatically calculated.
        Warning : Junction at (78.99mm,224.28mm) has been removed. It will be automatically calculated.
        Warning : Junction at (78.99mm,193.8mm) has been removed. It will be automatically calculated.
        Warning : Junction at (78.99mm,201.42mm) has been removed. It will be automatically calculated.
        Warning : Junction at (120.14mm,201.42mm) has been removed. It will be automatically calculated.
        Warning : Junction at (252.48mm,250.19mm) has been removed. It will be automatically calculated.
        Warning : Junction at (282.45mm,209.55mm) has been removed. It will be automatically calculated.
        Warning : Junction at (282.45mm,224.79mm) has been removed. It will be automatically calculated.
        Warning : Junction at (282.45mm,194.31mm) has been removed. It will be automatically calculated.
        Warning : Junction at (282.45mm,201.93mm) has been removed. It will be automatically calculated.
        Warning : Junction at (323.6mm,201.93mm) has been removed. It will be automatically calculated.
        Warning : Junction at (265.68mm,273.05mm) has been removed. It will be automatically calculated.
        Warning : Junction at (259.84mm,273.05mm) has been removed. It will be automatically calculated.
        Warning : Junction at (265.68mm,260.6mm) has been removed. It will be automatically calculated.
        Warning : Junction at (80.77mm,133.6mm) has been removed. It will be automatically calculated.
        Warning : Junction at (258.57mm,126.49mm) has been removed. It will be automatically calculated.
        Warning : Junction at (258.57mm,134.87mm) has been removed. It will be automatically calculated.
    EndSection

    Section : Importing Sheet - 12.SchDoc
        Warning : Off-Page Connector of type OFFPAGELEFT-B at (95.25mm,197.61mm) is not recognised
        Warning : Off-Page Connector of type OFFPAGELEFT-B at (92.71mm,197.61mm) is not recognised
        Warning : Off-Page Connector of type OFFPAGELEFT-B at (90.17mm,197.87mm) is not recognised
        Warning : Off-Page Connector of type OFFPAGELEFT-B at (87.63mm,197.87mm) is not recognised
        Warning : Off-Page Connector of type OFFPAGELEFT-B at (85.09mm,197.87mm) is not recognised
        Warning : Off-Page Connector of type OFFPAGELEFT-B at (82.55mm,197.87mm) is not recognised
        Warning : Off-Page Connector of type OFFPAGELEFT-B at (147.07mm,221.23mm) is not recognised
        Warning : Off-Page Connector of type OFFPAGELEFT-B at (147.32mm,218.69mm) is not recognised
        Warning : Off-Page Connector of type OFFPAGELEFT-B at (27.43mm,138.68mm) is not recognised
        Warning : Off-Page Connector of type OFFPAGELEFT-B at (27.43mm,133.6mm) is not recognised
        Warning : Off-Page Connector of type OFFPAGELEFT-B at (209.3mm,138.68mm) is not recognised
        Warning : Off-Page Connector of type OFFPAGELEFT-B at (209.55mm,133.6mm) is not recognised
        Warning : Off-Page Connector of type OFFPAGELEFT-B at (43.94mm,205.49mm) is not recognised
        Warning : Off-Page Connector of type OFFPAGELEFT-B at (43.69mm,208.28mm) is not recognised
        Warning : Off-Page Connector of type OFFPAGELEFT-B at (32mm,61.98mm) is not recognised
        Warning : Off-Page Connector of type OFFPAGELEFT-B at (32mm,67.06mm) is not recognised
        Warning : Off-Page Connector of type OFFPAGELEFT-B at (214.12mm,61.98mm) is not recognised
        Warning : Off-Page Connector of type OFFPAGELEFT-B at (213.87mm,67.06mm) is not recognised
        Warning : Off-Page Connector of type OFFPAGELEFT-B at (288.8mm,264.67mm) is not recognised
        Warning : Off-Page Connector of type OFFPAGELEFT-B at (288.8mm,267.21mm) is not recognised
        Warning : Junction at (365.51mm,146.56mm) has been added.
        Warning : Junction at (368.3mm,78.99mm) has been added.
        Warning : Junction at (298.45mm,146.56mm) has been added.
        Warning : Junction at (301.5mm,78.99mm) has been added.
        Warning : Junction at (119.38mm,249.17mm) has been removed. It will be automatically calculated.
        Warning : Junction at (146.05mm,231.14mm) has been removed. It will be automatically calculated.
        Warning : Junction at (151.13mm,243.84mm) has been removed. It will be automatically calculated.
        Warning : Junction at (138.43mm,243.84mm) has been removed. It will be automatically calculated.
        Warning : Junction at (165.1mm,197.61mm) has been removed. It will be automatically calculated.
        Warning : Junction at (95.25mm,249.17mm) has been removed. It will be automatically calculated.
        Warning : Junction at (95.25mm,254.25mm) has been removed. It will be automatically calculated.
        Warning : Junction at (62.99mm,252.48mm) has been removed. It will be automatically calculated.
        Warning : Junction at (92.71mm,262.89mm) has been removed. It will be automatically calculated.
        Warning : Junction at (135.89mm,270.26mm) has been removed. It will be automatically calculated.
        Warning : Junction at (105.92mm,270.26mm) has been removed. It will be automatically calculated.
        Warning : Junction at (370.84mm,251.97mm) has been removed. It will be automatically calculated.
        Warning : Junction at (365.76mm,251.97mm) has been removed. It will be automatically calculated.
        Warning : Junction at (370.84mm,277.37mm) has been removed. It will be automatically calculated.
        Warning : Junction at (365.76mm,277.37mm) has been removed. It will be automatically calculated.
        Warning : Junction at (381mm,251.97mm) has been removed. It will be automatically calculated.
        Warning : Junction at (345.19mm,277.37mm) has been removed. It will be automatically calculated.
        Warning : Junction at (305.56mm,245.11mm) has been removed. It will be automatically calculated.
        Warning : Junction at (300.99mm,264.67mm) has been removed. It will be automatically calculated.
        Warning : Junction at (305.56mm,267.21mm) has been removed. It will be automatically calculated.
        Warning : Junction at (102.62mm,127.25mm) has been removed. It will be automatically calculated.
        Warning : Junction at (126.49mm,127.25mm) has been removed. It will be automatically calculated.
        Warning : Junction at (141.73mm,137.41mm) has been removed. It will be automatically calculated.
        Warning : Junction at (149.35mm,134.87mm) has been removed. It will be automatically calculated.
        Warning : Junction at (161.8mm,133.6mm) has been removed. It will be automatically calculated.
        Warning : Junction at (82.3mm,137.41mm) has been removed. It will be automatically calculated.
        Warning : Junction at (73.66mm,138.68mm) has been removed. It will be automatically calculated.
        Warning : Junction at (73.66mm,133.6mm) has been removed. It will be automatically calculated.
        Warning : Junction at (77.22mm,134.87mm) has been removed. It will be automatically calculated.
        Warning : Junction at (35.56mm,138.68mm) has been removed. It will be automatically calculated.
        Warning : Junction at (35.56mm,133.6mm) has been removed. It will be automatically calculated.
        Warning : Junction at (199.9mm,133.6mm) has been removed. It will be automatically calculated.
        Warning : Junction at (350.77mm,146.56mm) has been removed. It will be automatically calculated.
        Warning : Junction at (199.9mm,138.68mm) has been removed. It will be automatically calculated.
        Warning : Junction at (161.8mm,138.68mm) has been removed. It will be automatically calculated.
        Warning : Junction at (126.49mm,139.95mm) has been removed. It will be automatically calculated.
        Warning : Junction at (102.62mm,139.95mm) has been removed. It will be automatically calculated.
        Warning : Junction at (40.13mm,67.06mm) has been removed. It will be automatically calculated.
        Warning : Junction at (40.13mm,61.98mm) has been removed. It will be automatically calculated.
        Warning : Junction at (78.23mm,67.06mm) has been removed. It will be automatically calculated.
        Warning : Junction at (78.23mm,59.44mm) has been removed. It will be automatically calculated.
        Warning : Junction at (78.23mm,61.98mm) has been removed. It will be automatically calculated.
        Warning : Junction at (204.47mm,67.06mm) has been removed. It will be automatically calculated.
        Warning : Junction at (204.47mm,61.98mm) has been removed. It will be automatically calculated.
        Warning : Junction at (166.37mm,67.06mm) has been removed. It will be automatically calculated.
        Warning : Junction at (166.37mm,61.98mm) has been removed. It will be automatically calculated.
        Warning : Junction at (84.84mm,65.79mm) has been removed. It will be automatically calculated.
        Warning : Junction at (160.53mm,65.79mm) has been removed. It will be automatically calculated.
        Warning : Junction at (353.57mm,78.99mm) has been removed. It will be automatically calculated.
        Warning : Junction at (301.5mm,56.13mm) has been removed. It will be automatically calculated.
        Warning : Junction at (350.77mm,228.09mm) has been removed. It will be automatically calculated.
        Warning : Junction at (350.77mm,232.16mm) has been removed. It will be automatically calculated.
        Warning : Junction at (298.45mm,125.73mm) has been removed. It will be automatically calculated.
        Warning : Junction at (267.46mm,192.28mm) has been removed. It will be automatically calculated.
        Warning : Junction at (166.37mm,57.91mm) has been removed. It will be automatically calculated.
        Warning : Junction at (319.28mm,269.24mm) has been removed. It will be automatically calculated.
        Warning : Junction at (319.28mm,264.16mm) has been removed. It will be automatically calculated.
        Warning : Junction at (320.55mm,264.16mm) has been removed. It will be automatically calculated.
        Warning : Junction at (335.79mm,264.16mm) has been removed. It will be automatically calculated.
        Warning : Junction at (337.06mm,264.16mm) has been removed. It will be automatically calculated.
        Warning : Junction at (336.8mm,269.24mm) has been removed. It will be automatically calculated.
    EndSection

    Section : Importing Sheet - 13.SchDoc
        Warning : Off-Page Connector of type OFFPAGELEFT-B at (10.83in,6.68in) is not recognised
        Warning : Off-Page Connector of type OFFPAGELEFT-B at (10.8in,6.48in) is not recognised
        Warning : Off-Page Connector of type OFFPAGELEFT-B at (1.73in,8.33in) is not recognised
        Warning : Off-Page Connector of type OFFPAGELEFT-B at (1.74in,8.94in) is not recognised
        Warning : Junction at (12.99in,8.85in) has been added.
        Warning : Junction at (11.04in,6.68in) has been removed. It will be automatically calculated.
        Warning : Junction at (11.04in,6.48in) has been removed. It will be automatically calculated.
        Warning : Junction at (12.53in,6.68in) has been removed. It will be automatically calculated.
        Warning : Junction at (12.84in,6.68in) has been removed. It will be automatically calculated.
        Warning : Junction at (12.54in,6.48in) has been removed. It will be automatically calculated.
        Warning : Junction at (2.18in,8.33in) has been removed. It will be automatically calculated.
        Warning : Junction at (2.18in,8.94in) has been removed. It will be automatically calculated.
        Warning : Junction at (4.25in,8.43in) has been removed. It will be automatically calculated.
        Warning : Junction at (6.65in,7.73in) has been removed. It will be automatically calculated.
        Warning : Junction at (6.44in,7.83in) has been removed. It will be automatically calculated.
        Warning : Junction at (5.57in,8.03in) has been removed. It will be automatically calculated.
        Warning : Junction at (5.36in,8.13in) has been removed. It will be automatically calculated.
        Warning : Junction at (4.46in,8.33in) has been removed. It will be automatically calculated.
        Warning : Junction at (2.85in,8.33in) has been removed. It will be automatically calculated.
        Warning : Junction at (2.85in,8.94in) has been removed. It will be automatically calculated.
        Warning : Junction at (11.12in,8.85in) has been removed. It will be automatically calculated.
        Warning : Junction at (4.12in,2.89in) has been removed. It will be automatically calculated.
        Warning : Junction at (12.08in,3.63in) has been removed. It will be automatically calculated.
        Warning : Junction at (11.87in,3.53in) has been removed. It will be automatically calculated.
        Warning : Junction at (4.88in,3.86in) has been removed. It will be automatically calculated.
        Warning : Junction at (2.22in,4.73in) has been removed. It will be automatically calculated.
        Warning : Junction at (1.72in,4.73in) has been removed. It will be automatically calculated.
        Warning : Junction at (10.65in,3.03in) has been removed. It will be automatically calculated.
        Warning : Junction at (10.85in,3.13in) has been removed. It will be automatically calculated.
        Warning : Junction at (12.54in,6.3in) has been removed. It will be automatically calculated.
        Warning : Junction at (6.07in,3.19in) has been removed. It will be automatically calculated.
        Warning : Junction at (7.35in,7.93in) has been removed. It will be automatically calculated.
    EndSection

    Section : Importing Sheet - 14.SchDoc
        Warning : Off-Page Connector of type OFFPAGELEFT-B at (154.18mm,132.84mm) is not recognised
        Warning : Junction at (74.17mm,26.67mm) has been added.
        Warning : Junction at (47.5mm,63.5mm) has been added.
        Warning : Junction at (70.87mm,63.5mm) has been added.
        Warning : Junction at (50.29mm,26.67mm) has been added.
        Warning : Junction at (139.19mm,67.82mm) has been removed. It will be automatically calculated.
        Warning : Junction at (124.97mm,67.82mm) has been removed. It will be automatically calculated.
        Warning : Junction at (139.19mm,54.36mm) has been removed. It will be automatically calculated.
        Warning : Junction at (124.97mm,54.36mm) has been removed. It will be automatically calculated.
        Warning : Junction at (173.74mm,163.32mm) has been removed. It will be automatically calculated.
        Warning : Junction at (173.74mm,168.4mm) has been removed. It will be automatically calculated.
        Warning : Junction at (60.71mm,158.24mm) has been removed. It will be automatically calculated.
        Warning : Junction at (60.71mm,173.48mm) has been removed. It will be automatically calculated.
        Warning : Junction at (169.16mm,163.32mm) has been removed. It will be automatically calculated.
        Warning : Junction at (81.03mm,125.22mm) has been removed. It will be automatically calculated.
        Warning : Junction at (126.75mm,148.08mm) has been removed. It will be automatically calculated.
        Warning : Junction at (126.75mm,165.86mm) has been removed. It will be automatically calculated.
        Warning : Junction at (55.63mm,125.22mm) has been removed. It will be automatically calculated.
        Warning : Junction at (126.75mm,184.91mm) has been removed. It will be automatically calculated.
        Warning : Junction at (219.46mm,104.39mm) has been removed. It will be automatically calculated.
        Warning : Junction at (219.46mm,99.31mm) has been removed. It will be automatically calculated.
        Warning : Junction at (219.46mm,94.23mm) has been removed. It will be automatically calculated.
        Warning : Junction at (47.5mm,81.28mm) has been removed. It will be automatically calculated.
        Warning : Junction at (50.29mm,44.45mm) has been removed. It will be automatically calculated.
        Warning : Junction at (86.11mm,26.67mm) has been removed. It will be automatically calculated.
        Warning : Junction at (94.23mm,26.67mm) has been removed. It will be automatically calculated.
        Warning : Junction at (91.44mm,81.79mm) has been removed. It will be automatically calculated.
        Warning : Junction at (109.73mm,63.5mm) has been removed. It will be automatically calculated.
        Warning : Junction at (81.28mm,63.5mm) has been removed. It will be automatically calculated.
        Warning : Junction at (91.44mm,63.5mm) has been removed. It will be automatically calculated.
        Warning : Junction at (107.44mm,26.67mm) has been removed. It will be automatically calculated.
    EndSection

    Section : Importing Sheet - 15.SchDoc
        Warning : Junction at (106.68mm,259.08mm) has been added.
        Warning : Junction at (81.28mm,259.08mm) has been added.
        Warning : Junction at (310.39mm,259.08mm) has been added.
        Warning : Junction at (365.76mm,159.51mm) has been added.
        Warning : Junction at (131.57mm,259.08mm) has been removed. It will be automatically calculated.
        Warning : Junction at (81.28mm,237.24mm) has been removed. It will be automatically calculated.
        Warning : Junction at (66.04mm,231.14mm) has been removed. It will be automatically calculated.
        Warning : Junction at (53.34mm,231.14mm) has been removed. It will be automatically calculated.
        Warning : Junction at (66.04mm,213.36mm) has been removed. It will be automatically calculated.
        Warning : Junction at (335.79mm,259.08mm) has been removed. It will be automatically calculated.
        Warning : Junction at (295.91mm,259.08mm) has been removed. It will be automatically calculated.
        Warning : Junction at (323.09mm,259.08mm) has been removed. It will be automatically calculated.
        Warning : Junction at (326.9mm,280.67mm) has been removed. It will be automatically calculated.
        Warning : Junction at (339.6mm,280.67mm) has been removed. It will be automatically calculated.
        Warning : Junction at (98.81mm,231.14mm) has been removed. It will be automatically calculated.
        Warning : Junction at (234.44mm,203.2mm) has been removed. It will be automatically calculated.
        Warning : Junction at (247.14mm,259.08mm) has been removed. It will be automatically calculated.
        Warning : Junction at (275.08mm,259.08mm) has been removed. It will be automatically calculated.
        Warning : Junction at (173.48mm,259.08mm) has been removed. It will be automatically calculated.
        Warning : Junction at (157.73mm,259.08mm) has been removed. It will be automatically calculated.
        Warning : Junction at (252.22mm,241.3mm) has been removed. It will be automatically calculated.
        Warning : Junction at (252.22mm,228.6mm) has been removed. It will be automatically calculated.
        Warning : Junction at (247.14mm,228.6mm) has been removed. It will be automatically calculated.
        Warning : Junction at (173.48mm,241.3mm) has been removed. It will be automatically calculated.
        Warning : Junction at (284.23mm,259.08mm) has been removed. It will be automatically calculated.
        Warning : Junction at (166.37mm,218.69mm) has been removed. It will be automatically calculated.
        Warning : Junction at (191.26mm,218.69mm) has been removed. It will be automatically calculated.
        Warning : Junction at (118.62mm,157.23mm) has been removed. It will be automatically calculated.
        Warning : Junction at (118.62mm,136.91mm) has been removed. It will be automatically calculated.
        Warning : Junction at (131.06mm,157.23mm) has been removed. It will be automatically calculated.
        Warning : Junction at (111.25mm,136.91mm) has been removed. It will be automatically calculated.
        Warning : Junction at (248.92mm,149.35mm) has been removed. It will be automatically calculated.
        Warning : Junction at (343.41mm,159.51mm) has been removed. It will be automatically calculated.
        Warning : Junction at (332.23mm,159.51mm) has been removed. It will be automatically calculated.
        Warning : Junction at (198.12mm,159.51mm) has been removed. It will be automatically calculated.
        Warning : Junction at (185.42mm,159.51mm) has been removed. It will be automatically calculated.
        Warning : Junction at (236.22mm,149.35mm) has been removed. It will be automatically calculated.
        Warning : Junction at (210.82mm,159.51mm) has been removed. It will be automatically calculated.
        Warning : Junction at (303.78mm,159.51mm) has been removed. It will be automatically calculated.
        Warning : Junction at (353.82mm,132.59mm) has been removed. It will be automatically calculated.
        Warning : Junction at (353.82mm,159.51mm) has been removed. It will be automatically calculated.
        Warning : Junction at (332.23mm,139.19mm) has been removed. It will be automatically calculated.
        Warning : Junction at (343.41mm,139.19mm) has been removed. It will be automatically calculated.
        Warning : Junction at (367.03mm,132.59mm) has been removed. It will be automatically calculated.
        Warning : Junction at (380.24mm,117.35mm) has been removed. It will be automatically calculated.
        Warning : Junction at (367.03mm,117.35mm) has been removed. It will be automatically calculated.
        Warning : Junction at (313.94mm,214.38mm) has been removed. It will be automatically calculated.
        Warning : Junction at (111.25mm,157.23mm) has been removed. It will be automatically calculated.
        Warning : Junction at (94.23mm,157.23mm) has been removed. It will be automatically calculated.
        Warning : Junction at (68.07mm,157.23mm) has been removed. It will be automatically calculated.
        Warning : Junction at (233.17mm,149.35mm) has been removed. It will be automatically calculated.
        Warning : Junction at (243.08mm,67.06mm) has been removed. It will be automatically calculated.
        Warning : Junction at (243.08mm,41.66mm) has been removed. It will be automatically calculated.
        Warning : Junction at (295.91mm,67.06mm) has been removed. It will be automatically calculated.
        Warning : Junction at (283.21mm,67.06mm) has been removed. It will be automatically calculated.
        Warning : Junction at (258.32mm,67.06mm) has been removed. It will be automatically calculated.
        Warning : Junction at (278.89mm,67.06mm) has been removed. It will be automatically calculated.
        Warning : Junction at (54.86mm,133.1mm) has been removed. It will be automatically calculated.
        Warning : Junction at (54.86mm,136.91mm) has been removed. It will be automatically calculated.
        Warning : Junction at (54.86mm,141.99mm) has been removed. It will be automatically calculated.
        Warning : Junction at (54.86mm,147.07mm) has been removed. It will be automatically calculated.
    EndSection

    Section : Importing Sheet - 16.SchDoc
        Warning : Off-Page Connector of type OFFPAGELEFT-B at (106.43mm,187.2mm) is not recognised
        Warning : Off-Page Connector of type OFFPAGELEFT-B at (106.68mm,156.72mm) is not recognised
        Warning : Junction at (58.93mm,170.43mm) has been added.
        Warning : Junction at (203.96mm,174.5mm) has been removed. It will be automatically calculated.
        Warning : Junction at (203.96mm,149.1mm) has been removed. It will be automatically calculated.
        Warning : Junction at (203.96mm,154.18mm) has been removed. It will be automatically calculated.
        Warning : Junction at (203.96mm,166.88mm) has been removed. It will be automatically calculated.
        Warning : Junction at (203.71mm,189.74mm) has been removed. It will be automatically calculated.
        Warning : Junction at (127.76mm,141.48mm) has been removed. It will be automatically calculated.
        Warning : Junction at (127.76mm,159.26mm) has been removed. It will be automatically calculated.
        Warning : Junction at (244.6mm,182.12mm) has been removed. It will be automatically calculated.
        Warning : Junction at (240.03mm,179.58mm) has been removed. It will be automatically calculated.
        Warning : Junction at (244.6mm,160.27mm) has been removed. It will be automatically calculated.
        Warning : Junction at (231.65mm,80.77mm) has been removed. It will be automatically calculated.
        Warning : Junction at (231.65mm,91.95mm) has been removed. It will be automatically calculated.
        Warning : Junction at (231.9mm,56.64mm) has been removed. It will be automatically calculated.
        Warning : Junction at (231.9mm,68.07mm) has been removed. It will be automatically calculated.
        Warning : Junction at (79.76mm,92.71mm) has been removed. It will be automatically calculated.
        Warning : Junction at (79.76mm,87.63mm) has been removed. It will be automatically calculated.
        Warning : Junction at (58.93mm,84.33mm) has been removed. It will be automatically calculated.
        Warning : Junction at (58.93mm,80.01mm) has been removed. It will be automatically calculated.
        Warning : Junction at (115.82mm,82.55mm) has been removed. It will be automatically calculated.
        Warning : Junction at (207.77mm,80.77mm) has been removed. It will be automatically calculated.
    EndSection

    Section : Importing Sheet - 17.SchDoc
        Warning : Off-Page Connector of type OFFPAGELEFT-B at (10.48in,4.75in) is not recognised
        Warning : Off-Page Connector of type OFFPAGELEFT-B at (10.48in,4.55in) is not recognised
        Warning : Off-Page Connector of type OFFPAGELEFT-B at (10.49in,4.45in) is not recognised
        Warning : Off-Page Connector of type OFFPAGELEFT-B at (10.47in,4.85in) is not recognised
        Warning : Off-Page Connector of type OFFPAGELEFT-B at (4.17in,6.15in) is not recognised
        Warning : Off-Page Connector of type OFFPAGELEFT-B at (4.19in,5.05in) is not recognised
        Warning : Off-Page Connector of type OFFPAGELEFT-B at (4.2in,4.85in) is not recognised
        Warning : Off-Page Connector of type OFFPAGELEFT-B at (4.2in,3.85in) is not recognised
        Warning : Junction at (9.46in,7.55in) has been removed. It will be automatically calculated.
        Warning : Junction at (9.46in,7.25in) has been removed. It will be automatically calculated.
        Warning : Junction at (9.46in,6.75in) has been removed. It will be automatically calculated.
        Warning : Junction at (9.46in,5.75in) has been removed. It will be automatically calculated.
        Warning : Junction at (9.46in,6.25in) has been removed. It will be automatically calculated.
        Warning : Junction at (9.46in,5.25in) has been removed. It will be automatically calculated.
        Warning : Junction at (9.46in,4.65in) has been removed. It will be automatically calculated.
        Warning : Junction at (9.46in,4.95in) has been removed. It will be automatically calculated.
        Warning : Junction at (5.12in,7.55in) has been removed. It will be automatically calculated.
        Warning : Junction at (5.12in,6.35in) has been removed. It will be automatically calculated.
        Warning : Junction at (5.12in,5.85in) has been removed. It will be automatically calculated.
        Warning : Junction at (5.12in,5.35in) has been removed. It will be automatically calculated.
        Warning : Junction at (5.12in,4.65in) has been removed. It will be automatically calculated.
        Warning : Junction at (5.12in,4.95in) has been removed. It will be automatically calculated.
        Warning : Junction at (9.27in,3.85in) has been removed. It will be automatically calculated.
        Warning : Junction at (9.27in,3.75in) has been removed. It will be automatically calculated.
        Warning : Junction at (9.27in,3.65in) has been removed. It will be automatically calculated.
        Warning : Junction at (9.27in,3.77in) has been removed. It will be automatically calculated.
        Warning : Junction at (5.32in,3.75in) has been removed. It will be automatically calculated.
        Warning : Junction at (5.33in,3.55in) has been removed. It will be automatically calculated.
        Warning : Junction at (5.12in,4.25in) has been removed. It will be automatically calculated.
        Warning : Junction at (5.12in,3.05in) has been removed. It will be automatically calculated.
        Warning : Junction at (5.12in,7.25in) has been removed. It will be automatically calculated.
        Warning : Junction at (5.12in,6.85in) has been removed. It will be automatically calculated.
        Warning : Junction at (9.27in,3.95in) has been removed. It will be automatically calculated.
        Warning : Junction at (9.46in,4.35in) has been removed. It will be automatically calculated.
    EndSection

    Section : Importing Sheet - 18.SchDoc
        Warning : Off-Page Connector of type OFFPAGELEFT-B at (10.98in,7.5in) is not recognised
        Warning : Off-Page Connector of type OFFPAGELEFT-B at (10.98in,7.6in) is not recognised
        Warning : Off-Page Connector of type OFFPAGELEFT-B at (11.04in,2.8in) is not recognised
        Warning : Off-Page Connector of type OFFPAGELEFT-B at (11.06in,5.2in) is not recognised
        Warning : Junction at (7.8in,2.13in) has been added.
        Warning : Junction at (10.03in,7.1in) has been removed. It will be automatically calculated.
        Warning : Junction at (10.03in,6.5in) has been removed. It will be automatically calculated.
        Warning : Junction at (10.03in,5.9in) has been removed. It will be automatically calculated.
        Warning : Junction at (10.03in,6.2in) has been removed. It will be automatically calculated.
        Warning : Junction at (10.03in,5in) has been removed. It will be automatically calculated.
        Warning : Junction at (10.03in,4.7in) has been removed. It will be automatically calculated.
        Warning : Junction at (10.03in,4.4in) has been removed. It will be automatically calculated.
        Warning : Junction at (10.03in,4.1in) has been removed. It will be automatically calculated.
        Warning : Junction at (10.03in,3.2in) has been removed. It will be automatically calculated.
        Warning : Junction at (10.03in,6.8in) has been removed. It will be automatically calculated.
        Warning : Junction at (5.94in,3.8in) has been removed. It will be automatically calculated.
        Warning : Junction at (5.94in,3.5in) has been removed. It will be automatically calculated.
        Warning : Junction at (5.94in,4.1in) has been removed. It will be automatically calculated.
        Warning : Junction at (5.94in,4.4in) has been removed. It will be automatically calculated.
        Warning : Junction at (5.94in,4.7in) has been removed. It will be automatically calculated.
        Warning : Junction at (5.94in,5in) has been removed. It will be automatically calculated.
        Warning : Junction at (5.94in,5.6in) has been removed. It will be automatically calculated.
        Warning : Junction at (5.94in,5.9in) has been removed. It will be automatically calculated.
        Warning : Junction at (5.94in,6.2in) has been removed. It will be automatically calculated.
        Warning : Junction at (8in,2.13in) has been removed. It will be automatically calculated.
        Warning : Junction at (5.94in,2.9in) has been removed. It will be automatically calculated.
        Warning : Junction at (10.03in,2.9in) has been removed. It will be automatically calculated.
        Warning : Junction at (10.03in,3.8in) has been removed. It will be automatically calculated.
        Warning : Junction at (10.03in,3.5in) has been removed. It will be automatically calculated.
        Warning : Junction at (5.94in,3.2in) has been removed. It will be automatically calculated.
        Warning : Junction at (5.94in,5.3in) has been removed. It will be automatically calculated.
        Warning : Junction at (5.94in,6.8in) has been removed. It will be automatically calculated.
        Warning : Junction at (5.94in,6.5in) has been removed. It will be automatically calculated.
        Warning : Junction at (5.94in,7.1in) has been removed. It will be automatically calculated.
    EndSection

    Section : Importing Sheet - 19.SchDoc
        Warning : Off-Page Connector of type OFFPAGELEFT-B at (11.22in,6.47in) is not recognised
        Warning : Off-Page Connector of type OFFPAGELEFT-B at (11.22in,6.37in) is not recognised
        Warning : Off-Page Connector of type OFFPAGELEFT-B at (11.25in,5.57in) is not recognised
        Warning : Off-Page Connector of type OFFPAGELEFT-B at (11.25in,5.47in) is not recognised
        Warning : Off-Page Connector of type OFFPAGELEFT-B at (11.25in,5.27in) is not recognised
        Warning : Off-Page Connector of type OFFPAGELEFT-B at (11.25in,5.17in) is not recognised
        Warning : Off-Page Connector of type OFFPAGELEFT-B at (11.22in,6.77in) is not recognised
        Warning : Off-Page Connector of type OFFPAGELEFT-B at (11.22in,6.67in) is not recognised
        Warning : Off-Page Connector of type OFFPAGELEFT-B at (5in,6.47in) is not recognised
        Warning : Junction at (5.9in,5.37in) has been removed. It will be automatically calculated.
        Warning : Junction at (5.9in,5.67in) has been removed. It will be automatically calculated.
        Warning : Junction at (5.9in,6.67in) has been removed. It will be automatically calculated.
        Warning : Junction at (5.9in,5.17in) has been removed. It will be automatically calculated.
        Warning : Junction at (10.61in,8.37in) has been removed. It will be automatically calculated.
        Warning : Junction at (10.61in,8.07in) has been removed. It will be automatically calculated.
        Warning : Junction at (10.61in,7.77in) has been removed. It will be automatically calculated.
        Warning : Junction at (10.61in,7.17in) has been removed. It will be automatically calculated.
        Warning : Junction at (10.61in,7.47in) has been removed. It will be automatically calculated.
        Warning : Junction at (10.61in,6.87in) has been removed. It will be automatically calculated.
        Warning : Junction at (10.61in,6.57in) has been removed. It will be automatically calculated.
        Warning : Junction at (10.61in,5.97in) has been removed. It will be automatically calculated.
        Warning : Junction at (10.61in,6.27in) has been removed. It will be automatically calculated.
        Warning : Junction at (10.61in,5.96in) has been removed. It will be automatically calculated.
        Warning : Junction at (10.61in,5.67in) has been removed. It will be automatically calculated.
        Warning : Junction at (10.61in,5.37in) has been removed. It will be automatically calculated.
        Warning : Junction at (5.9in,5.97in) has been removed. It will be automatically calculated.
        Warning : Junction at (5.9in,6.37in) has been removed. It will be automatically calculated.
        Warning : Junction at (5.9in,7.17in) has been removed. It will be automatically calculated.
        Warning : Junction at (5.9in,7.67in) has been removed. It will be automatically calculated.
        Warning : Junction at (5.6in,4.87in) has been removed. It will be automatically calculated.
        Warning : Junction at (10.61in,3.77in) has been removed. It will be automatically calculated.
        Warning : Junction at (10.61in,5.07in) has been removed. It will be automatically calculated.
        Warning : Junction at (5.9in,3.77in) has been removed. It will be automatically calculated.
        Warning : Junction at (5.9in,4.97in) has been removed. It will be automatically calculated.
        Warning : Junction at (5.6in,4.47in) has been removed. It will be automatically calculated.
        Warning : Junction at (5.6in,4.57in) has been removed. It will be automatically calculated.
        Warning : Junction at (6.07in,3.97in) has been removed. It will be automatically calculated.
        Warning : Junction at (5.6in,4.77in) has been removed. It will be automatically calculated.
        Warning : Junction at (4.14in,1.62in) has been removed. It will be automatically calculated.
        Warning : Junction at (3.14in,1.9in) has been removed. It will be automatically calculated.
        Warning : Junction at (4.72in,1.9in) has been removed. It will be automatically calculated.
        Warning : Junction at (5.22in,1.9in) has been removed. It will be automatically calculated.
        Warning : Junction at (2.9in,1.9in) has been removed. It will be automatically calculated.
        Warning : Junction at (6.07in,3.87in) has been removed. It will be automatically calculated.
        Warning : Junction at (5.54in,3.87in) has been removed. It will be automatically calculated.
    EndSection

    Section : Importing Sheet - 20.SchDoc
        Warning : Off-Page Connector of type OFFPAGELEFT-B at (290.58mm,134.37mm) is not recognised
        Warning : Off-Page Connector of type OFFPAGELEFT-B at (67.31mm,74.42mm) is not recognised
        Warning : Off-Page Connector of type OFFPAGELEFT-B at (141.22mm,74.42mm) is not recognised
        Warning : Junction at (87.63mm,167.89mm) has been added.
        Warning : Junction at (138.43mm,155.19mm) has been removed. It will be automatically calculated.
        Warning : Junction at (288.04mm,190.25mm) has been removed. It will be automatically calculated.
        Warning : Junction at (95.25mm,167.89mm) has been removed. It will be automatically calculated.
        Warning : Junction at (107.95mm,150.11mm) has been removed. It will be automatically calculated.
        Warning : Junction at (95.25mm,150.11mm) has been removed. It will be automatically calculated.
        Warning : Junction at (138.43mm,167.89mm) has been removed. It will be automatically calculated.
        Warning : Junction at (123.19mm,167.89mm) has been removed. It will be automatically calculated.
        Warning : Junction at (148.59mm,167.89mm) has been removed. It will be automatically calculated.
        Warning : Junction at (125.73mm,249.17mm) has been removed. It will be automatically calculated.
        Warning : Junction at (125.73mm,261.87mm) has been removed. It will be automatically calculated.
        Warning : Junction at (125.73mm,233.93mm) has been removed. It will be automatically calculated.
        Warning : Junction at (90.17mm,261.87mm) has been removed. It will be automatically calculated.
        Warning : Junction at (80.01mm,261.87mm) has been removed. It will be automatically calculated.
        Warning : Junction at (146.05mm,208.53mm) has been removed. It will be automatically calculated.
        Warning : Junction at (107.95mm,211.07mm) has been removed. It will be automatically calculated.
        Warning : Junction at (151.13mm,261.87mm) has been removed. It will be automatically calculated.
        Warning : Junction at (151.13mm,233.93mm) has been removed. It will be automatically calculated.
        Warning : Junction at (146.05mm,261.87mm) has been removed. It will be automatically calculated.
        Warning : Junction at (100.33mm,261.87mm) has been removed. It will be automatically calculated.
        Warning : Junction at (146.05mm,233.93mm) has been removed. It will be automatically calculated.
        Warning : Junction at (95.25mm,233.93mm) has been removed. It will be automatically calculated.
        Warning : Junction at (235.46mm,257.3mm) has been removed. It will be automatically calculated.
        Warning : Junction at (321.82mm,257.3mm) has been removed. It will be automatically calculated.
        Warning : Junction at (248.16mm,257.3mm) has been removed. It will be automatically calculated.
        Warning : Junction at (350.27mm,257.3mm) has been removed. It will be automatically calculated.
        Warning : Junction at (335.79mm,257.3mm) has been removed. It will be automatically calculated.
        Warning : Junction at (335.79mm,242.06mm) has been removed. It will be automatically calculated.
        Warning : Junction at (71.63mm,42.42mm) has been removed. It will be automatically calculated.
        Warning : Junction at (116.84mm,69.34mm) has been removed. It will be automatically calculated.
        Warning : Junction at (96.01mm,76.96mm) has been removed. It will be automatically calculated.
        Warning : Junction at (122.94mm,71.88mm) has been removed. It will be automatically calculated.
        Warning : Junction at (137.92mm,74.42mm) has been removed. It will be automatically calculated.
        Warning : Junction at (71.63mm,64.77mm) has been removed. It will be automatically calculated.
        Warning : Junction at (116.84mm,42.42mm) has been removed. It will be automatically calculated.
        Warning : Junction at (96.01mm,42.42mm) has been removed. It will be automatically calculated.
        Warning : Junction at (122.94mm,42.42mm) has been removed. It will be automatically calculated.
        Warning : Junction at (77.98mm,42.42mm) has been removed. It will be automatically calculated.
        Warning : Junction at (295.4mm,98.81mm) has been removed. It will be automatically calculated.
        Warning : Junction at (295.4mm,116.59mm) has been removed. It will be automatically calculated.
        Warning : Junction at (295.4mm,119.13mm) has been removed. It will be automatically calculated.
        Warning : Junction at (295.4mm,126.75mm) has been removed. It will be automatically calculated.
        Warning : Junction at (295.4mm,147.07mm) has been removed. It will be automatically calculated.
        Warning : Junction at (295.4mm,129.29mm) has been removed. It will be automatically calculated.
        Warning : Junction at (295.4mm,144.53mm) has been removed. It will be automatically calculated.
        Warning : Junction at (295.4mm,154.69mm) has been removed. It will be automatically calculated.
        Warning : Junction at (295.4mm,162.31mm) has been removed. It will be automatically calculated.
        Warning : Junction at (295.4mm,169.93mm) has been removed. It will be automatically calculated.
        Warning : Junction at (295.4mm,177.55mm) has been removed. It will be automatically calculated.
        Warning : Junction at (295.4mm,185.17mm) has been removed. It will be automatically calculated.
        Warning : Junction at (305.05mm,103.89mm) has been removed. It will be automatically calculated.
        Warning : Junction at (305.05mm,114.05mm) has been removed. It will be automatically calculated.
        Warning : Junction at (304.8mm,124.21mm) has been removed. It will be automatically calculated.
        Warning : Junction at (262.13mm,65.28mm) has been removed. It will be automatically calculated.
        Warning : Junction at (289.31mm,65.28mm) has been removed. It will be automatically calculated.
        Warning : Junction at (262.13mm,60.2mm) has been removed. It will be automatically calculated.
        Warning : Junction at (262.13mm,44.96mm) has been removed. It will be automatically calculated.
        Warning : Junction at (288.29mm,195.33mm) has been removed. It will be automatically calculated.
    EndSection
EndSection
