Importer Log Report
Project : CM3_IO_V1.33_20230214.PrjPcb

Section : Document - D:\huangxi\[RC119]CM3_IO\V1.33\对外资料\CM3_IO_V1.33_20230214.asc

    Section : Import Messages
        Error   : No comment found for component: C10
        Error   : No comment found for component: C13
        Error   : No comment found for component: C132
        Error   : No comment found for component: C134
        Error   : No comment found for component: C142
        Error   : No comment found for component: C147
        Error   : No comment found for component: C149
        Error   : No comment found for component: C151
        Error   : No comment found for component: C154
        Error   : No comment found for component: C155
        Error   : No comment found for component: C156
        Error   : No comment found for component: C161
        Error   : No comment found for component: C20
        Error   : No comment found for component: C21
        Error   : No comment found for component: C22
        Error   : No comment found for component: C27
        Error   : No comment found for component: C37
        Error   : No comment found for component: C51
        Error   : No comment found for component: C7
        Error   : No comment found for component: CN14A1
        Error   : No comment found for component: D1
        Warning : WARNING: Cut-out region created from PADS keep-out on layer: Top Layer
        Warning : WARNING: Cut-out region created from PADS keep-out on layer: Top Layer
        Warning : WARNING: Cut-out region created from PADS keep-out on layer: Top Layer
        Warning : WARNING: Cut-out region created from PADS keep-out on layer: Top Layer
        Error   : No comment found for component: D10
        Warning : WARNING: Cut-out region created from PADS keep-out on layer: Top Layer
        Warning : WARNING: Cut-out region created from PADS keep-out on layer: Top Layer
        Warning : WARNING: Cut-out region created from PADS keep-out on layer: Top Layer
        Warning : WARNING: Cut-out region created from PADS keep-out on layer: Top Layer
        Error   : No comment found for component: D11
        Warning : WARNING: Cut-out region created from PADS keep-out on layer: Top Layer
        Warning : WARNING: Cut-out region created from PADS keep-out on layer: Top Layer
        Warning : WARNING: Cut-out region created from PADS keep-out on layer: Top Layer
        Warning : WARNING: Cut-out region created from PADS keep-out on layer: Top Layer
        Error   : No comment found for component: D12
        Warning : WARNING: Cut-out region created from PADS keep-out on layer: Top Layer
        Warning : WARNING: Cut-out region created from PADS keep-out on layer: Top Layer
        Warning : WARNING: Cut-out region created from PADS keep-out on layer: Top Layer
        Warning : WARNING: Cut-out region created from PADS keep-out on layer: Top Layer
        Error   : No comment found for component: D14
        Warning : WARNING: Cut-out region created from PADS keep-out on layer: Top Layer
        Warning : WARNING: Cut-out region created from PADS keep-out on layer: Top Layer
        Warning : WARNING: Cut-out region created from PADS keep-out on layer: Top Layer
        Warning : WARNING: Cut-out region created from PADS keep-out on layer: Top Layer
        Error   : No comment found for component: D15
        Warning : WARNING: Cut-out region created from PADS keep-out on layer: Top Layer
        Warning : WARNING: Cut-out region created from PADS keep-out on layer: Top Layer
        Warning : WARNING: Cut-out region created from PADS keep-out on layer: Top Layer
        Warning : WARNING: Cut-out region created from PADS keep-out on layer: Top Layer
        Error   : No comment found for component: D16
        Warning : WARNING: Cut-out region created from PADS keep-out on layer: Top Layer
        Warning : WARNING: Cut-out region created from PADS keep-out on layer: Top Layer
        Warning : WARNING: Cut-out region created from PADS keep-out on layer: Top Layer
        Warning : WARNING: Cut-out region created from PADS keep-out on layer: Top Layer
        Error   : No comment found for component: D17
        Warning : WARNING: Cut-out region created from PADS keep-out on layer: Top Layer
        Warning : WARNING: Cut-out region created from PADS keep-out on layer: Top Layer
        Warning : WARNING: Cut-out region created from PADS keep-out on layer: Top Layer
        Warning : WARNING: Cut-out region created from PADS keep-out on layer: Top Layer
        Error   : No comment found for component: D18
        Warning : WARNING: Cut-out region created from PADS keep-out on layer: Top Layer
        Warning : WARNING: Cut-out region created from PADS keep-out on layer: Top Layer
        Warning : WARNING: Cut-out region created from PADS keep-out on layer: Top Layer
        Warning : WARNING: Cut-out region created from PADS keep-out on layer: Top Layer
        Error   : No comment found for component: D19
        Warning : WARNING: Cut-out region created from PADS keep-out on layer: Top Layer
        Warning : WARNING: Cut-out region created from PADS keep-out on layer: Top Layer
        Warning : WARNING: Cut-out region created from PADS keep-out on layer: Top Layer
        Warning : WARNING: Cut-out region created from PADS keep-out on layer: Top Layer
        Error   : No comment found for component: D20
        Warning : WARNING: Cut-out region created from PADS keep-out on layer: Top Layer
        Warning : WARNING: Cut-out region created from PADS keep-out on layer: Top Layer
        Warning : WARNING: Cut-out region created from PADS keep-out on layer: Top Layer
        Warning : WARNING: Cut-out region created from PADS keep-out on layer: Top Layer
        Error   : No comment found for component: D21
        Warning : WARNING: Cut-out region created from PADS keep-out on layer: Top Layer
        Warning : WARNING: Cut-out region created from PADS keep-out on layer: Top Layer
        Warning : WARNING: Cut-out region created from PADS keep-out on layer: Top Layer
        Warning : WARNING: Cut-out region created from PADS keep-out on layer: Top Layer
        Error   : No comment found for component: D22
        Warning : WARNING: Cut-out region created from PADS keep-out on layer: Top Layer
        Warning : WARNING: Cut-out region created from PADS keep-out on layer: Top Layer
        Warning : WARNING: Cut-out region created from PADS keep-out on layer: Top Layer
        Warning : WARNING: Cut-out region created from PADS keep-out on layer: Top Layer
        Error   : No comment found for component: D23
        Warning : WARNING: Cut-out region created from PADS keep-out on layer: Top Layer
        Warning : WARNING: Cut-out region created from PADS keep-out on layer: Top Layer
        Warning : WARNING: Cut-out region created from PADS keep-out on layer: Top Layer
        Warning : WARNING: Cut-out region created from PADS keep-out on layer: Top Layer
        Error   : No comment found for component: D24
        Warning : WARNING: Cut-out region created from PADS keep-out on layer: Top Layer
        Warning : WARNING: Cut-out region created from PADS keep-out on layer: Top Layer
        Warning : WARNING: Cut-out region created from PADS keep-out on layer: Top Layer
        Warning : WARNING: Cut-out region created from PADS keep-out on layer: Top Layer
        Error   : No comment found for component: D25
        Warning : WARNING: Cut-out region created from PADS keep-out on layer: Top Layer
        Warning : WARNING: Cut-out region created from PADS keep-out on layer: Top Layer
        Warning : WARNING: Cut-out region created from PADS keep-out on layer: Top Layer
        Warning : WARNING: Cut-out region created from PADS keep-out on layer: Top Layer
        Error   : No comment found for component: D26
        Warning : WARNING: Cut-out region created from PADS keep-out on layer: Top Layer
        Warning : WARNING: Cut-out region created from PADS keep-out on layer: Top Layer
        Warning : WARNING: Cut-out region created from PADS keep-out on layer: Top Layer
        Warning : WARNING: Cut-out region created from PADS keep-out on layer: Top Layer
        Error   : No comment found for component: D27
        Warning : WARNING: Cut-out region created from PADS keep-out on layer: Top Layer
        Warning : WARNING: Cut-out region created from PADS keep-out on layer: Top Layer
        Warning : WARNING: Cut-out region created from PADS keep-out on layer: Top Layer
        Warning : WARNING: Cut-out region created from PADS keep-out on layer: Top Layer
        Error   : No comment found for component: D3
        Warning : WARNING: Cut-out region created from PADS keep-out on layer: Top Layer
        Warning : WARNING: Cut-out region created from PADS keep-out on layer: Top Layer
        Warning : WARNING: Cut-out region created from PADS keep-out on layer: Top Layer
        Warning : WARNING: Cut-out region created from PADS keep-out on layer: Top Layer
        Error   : No comment found for component: D30
        Warning : WARNING: Cut-out region created from PADS keep-out on layer: Top Layer
        Warning : WARNING: Cut-out region created from PADS keep-out on layer: Top Layer
        Warning : WARNING: Cut-out region created from PADS keep-out on layer: Top Layer
        Warning : WARNING: Cut-out region created from PADS keep-out on layer: Top Layer
        Error   : No comment found for component: D31
        Warning : WARNING: Cut-out region created from PADS keep-out on layer: Top Layer
        Warning : WARNING: Cut-out region created from PADS keep-out on layer: Top Layer
        Warning : WARNING: Cut-out region created from PADS keep-out on layer: Top Layer
        Warning : WARNING: Cut-out region created from PADS keep-out on layer: Top Layer
        Error   : No comment found for component: D32
        Warning : WARNING: Cut-out region created from PADS keep-out on layer: Top Layer
        Warning : WARNING: Cut-out region created from PADS keep-out on layer: Top Layer
        Warning : WARNING: Cut-out region created from PADS keep-out on layer: Top Layer
        Warning : WARNING: Cut-out region created from PADS keep-out on layer: Top Layer
        Error   : No comment found for component: D33
        Warning : WARNING: Cut-out region created from PADS keep-out on layer: Top Layer
        Warning : WARNING: Cut-out region created from PADS keep-out on layer: Top Layer
        Warning : WARNING: Cut-out region created from PADS keep-out on layer: Top Layer
        Warning : WARNING: Cut-out region created from PADS keep-out on layer: Top Layer
        Error   : No comment found for component: D34
        Warning : WARNING: Cut-out region created from PADS keep-out on layer: Top Layer
        Warning : WARNING: Cut-out region created from PADS keep-out on layer: Top Layer
        Warning : WARNING: Cut-out region created from PADS keep-out on layer: Top Layer
        Warning : WARNING: Cut-out region created from PADS keep-out on layer: Top Layer
        Error   : No comment found for component: D35
        Warning : WARNING: Cut-out region created from PADS keep-out on layer: Top Layer
        Warning : WARNING: Cut-out region created from PADS keep-out on layer: Top Layer
        Warning : WARNING: Cut-out region created from PADS keep-out on layer: Top Layer
        Warning : WARNING: Cut-out region created from PADS keep-out on layer: Top Layer
        Error   : No comment found for component: D36
        Warning : WARNING: Cut-out region created from PADS keep-out on layer: Top Layer
        Warning : WARNING: Cut-out region created from PADS keep-out on layer: Top Layer
        Warning : WARNING: Cut-out region created from PADS keep-out on layer: Top Layer
        Warning : WARNING: Cut-out region created from PADS keep-out on layer: Top Layer
        Error   : No comment found for component: D37
        Warning : WARNING: Cut-out region created from PADS keep-out on layer: Top Layer
        Warning : WARNING: Cut-out region created from PADS keep-out on layer: Top Layer
        Warning : WARNING: Cut-out region created from PADS keep-out on layer: Top Layer
        Warning : WARNING: Cut-out region created from PADS keep-out on layer: Top Layer
        Error   : No comment found for component: D38
        Warning : WARNING: Cut-out region created from PADS keep-out on layer: Top Layer
        Warning : WARNING: Cut-out region created from PADS keep-out on layer: Top Layer
        Warning : WARNING: Cut-out region created from PADS keep-out on layer: Top Layer
        Warning : WARNING: Cut-out region created from PADS keep-out on layer: Top Layer
        Error   : No comment found for component: D39
        Warning : WARNING: Cut-out region created from PADS keep-out on layer: Top Layer
        Warning : WARNING: Cut-out region created from PADS keep-out on layer: Top Layer
        Warning : WARNING: Cut-out region created from PADS keep-out on layer: Top Layer
        Warning : WARNING: Cut-out region created from PADS keep-out on layer: Top Layer
        Error   : No comment found for component: D4
        Warning : WARNING: Cut-out region created from PADS keep-out on layer: Top Layer
        Warning : WARNING: Cut-out region created from PADS keep-out on layer: Top Layer
        Warning : WARNING: Cut-out region created from PADS keep-out on layer: Top Layer
        Warning : WARNING: Cut-out region created from PADS keep-out on layer: Top Layer
        Error   : No comment found for component: D40
        Warning : WARNING: Cut-out region created from PADS keep-out on layer: Top Layer
        Warning : WARNING: Cut-out region created from PADS keep-out on layer: Top Layer
        Warning : WARNING: Cut-out region created from PADS keep-out on layer: Top Layer
        Warning : WARNING: Cut-out region created from PADS keep-out on layer: Top Layer
        Error   : No comment found for component: D41
        Error   : No comment found for component: D42
        Error   : No comment found for component: D43
        Error   : No comment found for component: D44
        Error   : No designator found for component: D45
        Error   : No comment found for component: D45
        Error   : No comment found for component: D46
        Error   : No comment found for component: D47
        Warning : WARNING: Cut-out region created from PADS keep-out on layer: Top Layer
        Warning : WARNING: Cut-out region created from PADS keep-out on layer: Top Layer
        Warning : WARNING: Cut-out region created from PADS keep-out on layer: Top Layer
        Warning : WARNING: Cut-out region created from PADS keep-out on layer: Top Layer
        Error   : No comment found for component: D48
        Warning : WARNING: Cut-out region created from PADS keep-out on layer: Top Layer
        Warning : WARNING: Cut-out region created from PADS keep-out on layer: Top Layer
        Warning : WARNING: Cut-out region created from PADS keep-out on layer: Top Layer
        Warning : WARNING: Cut-out region created from PADS keep-out on layer: Top Layer
        Error   : No comment found for component: D49
        Warning : WARNING: Cut-out region created from PADS keep-out on layer: Top Layer
        Warning : WARNING: Cut-out region created from PADS keep-out on layer: Top Layer
        Warning : WARNING: Cut-out region created from PADS keep-out on layer: Top Layer
        Warning : WARNING: Cut-out region created from PADS keep-out on layer: Top Layer
        Error   : No comment found for component: D5
        Warning : WARNING: Cut-out region created from PADS keep-out on layer: Top Layer
        Warning : WARNING: Cut-out region created from PADS keep-out on layer: Top Layer
        Warning : WARNING: Cut-out region created from PADS keep-out on layer: Top Layer
        Warning : WARNING: Cut-out region created from PADS keep-out on layer: Top Layer
        Error   : No comment found for component: D6
        Warning : WARNING: Cut-out region created from PADS keep-out on layer: Top Layer
        Warning : WARNING: Cut-out region created from PADS keep-out on layer: Top Layer
        Warning : WARNING: Cut-out region created from PADS keep-out on layer: Top Layer
        Warning : WARNING: Cut-out region created from PADS keep-out on layer: Top Layer
        Error   : No comment found for component: D7
        Warning : WARNING: Cut-out region created from PADS keep-out on layer: Top Layer
        Warning : WARNING: Cut-out region created from PADS keep-out on layer: Top Layer
        Warning : WARNING: Cut-out region created from PADS keep-out on layer: Top Layer
        Warning : WARNING: Cut-out region created from PADS keep-out on layer: Top Layer
        Error   : No comment found for component: D8
        Warning : WARNING: Cut-out region created from PADS keep-out on layer: Top Layer
        Warning : WARNING: Cut-out region created from PADS keep-out on layer: Top Layer
        Warning : WARNING: Cut-out region created from PADS keep-out on layer: Top Layer
        Warning : WARNING: Cut-out region created from PADS keep-out on layer: Top Layer
        Error   : No comment found for component: D9
        Warning : WARNING: Cut-out region created from PADS keep-out on layer: Top Layer
        Warning : WARNING: Cut-out region created from PADS keep-out on layer: Top Layer
        Warning : WARNING: Cut-out region created from PADS keep-out on layer: Top Layer
        Warning : WARNING: Cut-out region created from PADS keep-out on layer: Top Layer
        Error   : No comment found for component: ED1
        Warning : WARNING: Cut-out region created from PADS keep-out on layer: Top Layer
        Warning : WARNING: Cut-out region created from PADS keep-out on layer: Top Layer
        Warning : WARNING: Cut-out region created from PADS keep-out on layer: Top Layer
        Warning : WARNING: Cut-out region created from PADS keep-out on layer: Top Layer
        Error   : No comment found for component: ED10
        Warning : WARNING: Cut-out region created from PADS keep-out on layer: Top Layer
        Warning : WARNING: Cut-out region created from PADS keep-out on layer: Top Layer
        Warning : WARNING: Cut-out region created from PADS keep-out on layer: Top Layer
        Warning : WARNING: Cut-out region created from PADS keep-out on layer: Top Layer
        Error   : No comment found for component: ED11
        Warning : WARNING: Cut-out region created from PADS keep-out on layer: Top Layer
        Warning : WARNING: Cut-out region created from PADS keep-out on layer: Top Layer
        Warning : WARNING: Cut-out region created from PADS keep-out on layer: Top Layer
        Warning : WARNING: Cut-out region created from PADS keep-out on layer: Top Layer
        Error   : No comment found for component: ED12
        Warning : WARNING: Cut-out region created from PADS keep-out on layer: Top Layer
        Warning : WARNING: Cut-out region created from PADS keep-out on layer: Top Layer
        Warning : WARNING: Cut-out region created from PADS keep-out on layer: Top Layer
        Warning : WARNING: Cut-out region created from PADS keep-out on layer: Top Layer
        Error   : No comment found for component: ED13
        Warning : WARNING: Cut-out region created from PADS keep-out on layer: Top Layer
        Warning : WARNING: Cut-out region created from PADS keep-out on layer: Top Layer
        Warning : WARNING: Cut-out region created from PADS keep-out on layer: Top Layer
        Warning : WARNING: Cut-out region created from PADS keep-out on layer: Top Layer
        Error   : No comment found for component: ED14
        Warning : WARNING: Cut-out region created from PADS keep-out on layer: Top Layer
        Warning : WARNING: Cut-out region created from PADS keep-out on layer: Top Layer
        Warning : WARNING: Cut-out region created from PADS keep-out on layer: Top Layer
        Warning : WARNING: Cut-out region created from PADS keep-out on layer: Top Layer
        Error   : No comment found for component: ED15
        Warning : WARNING: Cut-out region created from PADS keep-out on layer: Top Layer
        Warning : WARNING: Cut-out region created from PADS keep-out on layer: Top Layer
        Warning : WARNING: Cut-out region created from PADS keep-out on layer: Top Layer
        Warning : WARNING: Cut-out region created from PADS keep-out on layer: Top Layer
        Error   : No comment found for component: ED16
        Warning : WARNING: Cut-out region created from PADS keep-out on layer: Top Layer
        Warning : WARNING: Cut-out region created from PADS keep-out on layer: Top Layer
        Warning : WARNING: Cut-out region created from PADS keep-out on layer: Top Layer
        Warning : WARNING: Cut-out region created from PADS keep-out on layer: Top Layer
        Error   : No comment found for component: ED17
        Warning : WARNING: Cut-out region created from PADS keep-out on layer: Top Layer
        Warning : WARNING: Cut-out region created from PADS keep-out on layer: Top Layer
        Warning : WARNING: Cut-out region created from PADS keep-out on layer: Top Layer
        Warning : WARNING: Cut-out region created from PADS keep-out on layer: Top Layer
        Error   : No comment found for component: ED18
        Warning : WARNING: Cut-out region created from PADS keep-out on layer: Top Layer
        Warning : WARNING: Cut-out region created from PADS keep-out on layer: Top Layer
        Warning : WARNING: Cut-out region created from PADS keep-out on layer: Top Layer
        Warning : WARNING: Cut-out region created from PADS keep-out on layer: Top Layer
        Error   : No comment found for component: ED19
        Warning : WARNING: Cut-out region created from PADS keep-out on layer: Top Layer
        Warning : WARNING: Cut-out region created from PADS keep-out on layer: Top Layer
        Warning : WARNING: Cut-out region created from PADS keep-out on layer: Top Layer
        Warning : WARNING: Cut-out region created from PADS keep-out on layer: Top Layer
        Error   : No comment found for component: ED2
        Warning : WARNING: Cut-out region created from PADS keep-out on layer: Top Layer
        Warning : WARNING: Cut-out region created from PADS keep-out on layer: Top Layer
        Warning : WARNING: Cut-out region created from PADS keep-out on layer: Top Layer
        Warning : WARNING: Cut-out region created from PADS keep-out on layer: Top Layer
        Error   : No comment found for component: ED3
        Warning : WARNING: Cut-out region created from PADS keep-out on layer: Top Layer
        Warning : WARNING: Cut-out region created from PADS keep-out on layer: Top Layer
        Warning : WARNING: Cut-out region created from PADS keep-out on layer: Top Layer
        Warning : WARNING: Cut-out region created from PADS keep-out on layer: Top Layer
        Error   : No comment found for component: ED4
        Warning : WARNING: Cut-out region created from PADS keep-out on layer: Top Layer
        Warning : WARNING: Cut-out region created from PADS keep-out on layer: Top Layer
        Warning : WARNING: Cut-out region created from PADS keep-out on layer: Top Layer
        Warning : WARNING: Cut-out region created from PADS keep-out on layer: Top Layer
        Error   : No comment found for component: ED8197
        Warning : WARNING: Cut-out region created from PADS keep-out on layer: Top Layer
        Warning : WARNING: Cut-out region created from PADS keep-out on layer: Top Layer
        Warning : WARNING: Cut-out region created from PADS keep-out on layer: Top Layer
        Warning : WARNING: Cut-out region created from PADS keep-out on layer: Top Layer
        Error   : No comment found for component: ED8198
        Warning : WARNING: Cut-out region created from PADS keep-out on layer: Top Layer
        Warning : WARNING: Cut-out region created from PADS keep-out on layer: Top Layer
        Warning : WARNING: Cut-out region created from PADS keep-out on layer: Top Layer
        Warning : WARNING: Cut-out region created from PADS keep-out on layer: Top Layer
        Error   : No comment found for component: ED9
        Error   : No comment found for component: J1
        Error   : No comment found for component: J10
        Error   : No comment found for component: J14
        Error   : No comment found for component: J15
        Error   : No comment found for component: J17
        Error   : No comment found for component: J18
        Error   : Undisplayed signal layer part type omitted for component: J20
        Error   : No comment found for component: J22
        Error   : No comment found for component: J3
        Error   : No comment found for component: J4
        Error   : No comment found for component: J6
        Error   : Undisplayed signal layer part type omitted for component: J7
        Error   : No comment found for component: J9
        Error   : No comment found for component: L10
        Error   : No comment found for component: L11
        Error   : No comment found for component: L14
        Error   : No comment found for component: L15
        Error   : No comment found for component: L2
        Error   : No comment found for component: L4
        Error   : No comment found for component: L5
        Error   : No comment found for component: L6
        Error   : No comment found for component: L7
        Error   : No comment found for component: L8
        Error   : No comment found for component: LCD1
        Error   : No comment found for component: LED3
        Error   : No comment found for component: LED4
        Warning : WARNING: Cut-out region created from PADS keep-out on layer: Top Solder Mask
        Error   : No comment found for component: M1
        Warning : WARNING: Cut-out region created from PADS keep-out on layer: Top Solder Mask
        Error   : No comment found for component: M2
        Warning : WARNING: Cut-out region created from PADS keep-out on layer: Top Solder Mask
        Error   : No comment found for component: M3
        Warning : WARNING: Cut-out region created from PADS keep-out on layer: Top Solder Mask
        Error   : No comment found for component: M4
        Warning : WARNING: Cut-out region created from PADS keep-out on layer: Top Solder Mask
        Error   : No comment found for component: M5
        Error   : No comment found for component: P1
        Error   : No comment found for component: P2
        Error   : No comment found for component: P3
        Error   : No comment found for component: P4
        Error   : No designator found for component: P5
        Error   : No comment found for component: P5
        Error   : No comment found for component: P6
        Error   : No comment found for component: Q1
        Error   : No comment found for component: Q10
        Error   : No comment found for component: Q11
        Error   : No comment found for component: Q13
        Error   : No comment found for component: Q14
        Error   : No comment found for component: Q15
        Error   : No comment found for component: Q16
        Error   : No comment found for component: Q17
        Error   : No comment found for component: Q2
        Error   : No comment found for component: Q3
        Error   : No comment found for component: Q4
        Error   : No comment found for component: Q5
        Error   : No comment found for component: Q6
        Error   : No comment found for component: Q7
        Error   : No comment found for component: Q8
        Error   : No comment found for component: Q9
        Error   : No comment found for component: R148
        Error   : No comment found for component: R150
        Error   : No comment found for component: RP1
        Error   : No comment found for component: TP1
        Error   : No comment found for component: TP10
        Error   : No designator found for component: TP11
        Error   : No comment found for component: TP11
        Error   : No designator found for component: TP14
        Error   : No designator found for component: TP15
        Error   : No designator found for component: TP16
        Error   : No comment found for component: TP2
        Error   : No comment found for component: TP3
        Error   : No comment found for component: TP4
        Error   : No comment found for component: TP5
        Error   : No comment found for component: TP6
        Error   : No designator found for component: TP7
        Error   : No comment found for component: TP7
        Error   : No designator found for component: TP8
        Error   : No comment found for component: TP8
        Error   : No designator found for component: TP9
        Error   : No comment found for component: TP9
        Error   : No comment found for component: U1
        Error   : No comment found for component: U11
        Error   : No comment found for component: U12
        Error   : No comment found for component: U13
        Error   : No comment found for component: U14
        Error   : No comment found for component: U15
        Warning : WARNING: Cut-out region created from PADS keep-out on layer: Top Layer
        Error   : No comment found for component: U18
        Error   : No comment found for component: U19
        Error   : No comment found for component: U2
        Error   : No comment found for component: U20
        Error   : No comment found for component: U23
        Error   : No comment found for component: U24
        Error   : No comment found for component: U27
        Error   : No comment found for component: U30
        Error   : No comment found for component: U35
        Error   : No comment found for component: U5
        Error   : No comment found for component: U6
        Error   : No comment found for component: U9
        Error   : No comment found for component: Y1
    EndSection
EndSection
